<?xml version="1.0" encoding="UTF-8"?>
<testsuite xmlns:xsi="http://www.w3.org/2001/XMLSchema-instance" xsi:noNamespaceSchemaLocation="https://maven.apache.org/surefire/maven-surefire-plugin/xsd/surefire-test-report.xsd" version="3.0.2" name="com.vulnuris.apigateway.APIGatewayApplicationTests" time="22.047" tests="1" errors="0" skipped="0" failures="0">
  <properties>
[...]
</properties>
  <testcase name="contextLoads" classname="com.vulnuris.apigateway.APIGatewayApplicationTests" time="1.986">
    <system-out><![CDATA[13:18:08.551 [main] INFO org.springframework.test.context.support.AnnotationConfigContextLoaderUtils -- Could not detect default configuration classes for test class [com.vulnuris.apigateway.APIGatewayApplicationTests]: APIGatewayApplicationTests does not declare any static, non-private, non-final, nested classes annotated with @Configuration.
13:18:09.035 [main] INFO org.springframework.boot.test.context.SpringBootTestContextBootstrapper -- Found @SpringBootConfiguration com.vulnuris.apigateway.APIGatewayApplication for test class com.vulnuris.apigateway.APIGatewayApplicationTests
13:18:10.096 [main] INFO org.springframework.boot.devtools.restart.RestartApplicationListener -- Restart disabled due to context in which it is running

  .   ____          _            __ _ _
 /\\ / ___'_ __ _ _(_)_ __  __ _ \ \ \ \
( ( )\___ | '_ | '_| | '_ \/ _` | \ \ \ \
 \\/  ___)| |_)| | | | | || (_| |  ) ) ) )
  '  |____| .__|_| |_|_| |_\__, | / / / /
 =========|_|==============|___/=/_/_/_/

 :: Spring Boot ::               (v3.5.11)

2026-04-06T13:18:13.473+05:30  INFO [traceId:] 12536 --- [api-gateway] [           main] c.v.a.APIGatewayApplicationTests         : Starting APIGatewayApplicationTests using Java 21.0.4 with PID 12536 (started by nehul in C:\Users\nehul\Dev\BE project\BE-project\backend\APIGateway\APIGateway)
2026-04-06T13:18:13.487+05:30  INFO [traceId:] 12536 --- [api-gateway] [           main] c.v.a.APIGatewayApplicationTests         : No active profile set, falling back to 1 default profile: "default"
2026-04-06T13:18:19.927+05:30  INFO [traceId:] 12536 --- [api-gateway] [           main] o.s.cloud.context.scope.GenericScope     : BeanFactory id=8eac183c-983f-39f3-a0ff-81fe4de7e0b1
2026-04-06T13:18:23.611+05:30  INFO [traceId:] 12536 --- [api-gateway] [           main] o.s.cloud.commons.util.InetUtils         : Cannot determine local hostname
2026-04-06T13:18:24.791+05:30  INFO [traceId:] 12536 --- [api-gateway] [           main] o.s.c.g.r.RouteDefinitionRouteLocator    : Loaded RoutePredicateFactory [After]
2026-04-06T13:18:24.792+05:30  INFO [traceId:] 12536 --- [api-gateway] [           main] o.s.c.g.r.RouteDefinitionRouteLocator    : Loaded RoutePredicateFactory [Before]
2026-04-06T13:18:24.792+05:30  INFO [traceId:] 12536 --- [api-gateway] [           main] o.s.c.g.r.RouteDefinitionRouteLocator    : Loaded RoutePredicateFactory [Between]
2026-04-06T13:18:24.793+05:30  INFO [traceId:] 12536 --- [api-gateway] [           main] o.s.c.g.r.RouteDefinitionRouteLocator    : Loaded RoutePredicateFactory [Cookie]
2026-04-06T13:18:24.793+05:30  INFO [traceId:] 12536 --- [api-gateway] [           main] o.s.c.g.r.RouteDefinitionRouteLocator    : Loaded RoutePredicateFactory [Header]
2026-04-06T13:18:24.794+05:30  INFO [traceId:] 12536 --- [api-gateway] [           main] o.s.c.g.r.RouteDefinitionRouteLocator    : Loaded RoutePredicateFactory [Host]
2026-04-06T13:18:24.795+05:30  INFO [traceId:] 12536 --- [api-gateway] [           main] o.s.c.g.r.RouteDefinitionRouteLocator    : Loaded RoutePredicateFactory [Method]
2026-04-06T13:18:24.795+05:30  INFO [traceId:] 12536 --- [api-gateway] [           main] o.s.c.g.r.RouteDefinitionRouteLocator    : Loaded RoutePredicateFactory [Path]
2026-04-06T13:18:24.795+05:30  INFO [traceId:] 12536 --- [api-gateway] [           main] o.s.c.g.r.RouteDefinitionRouteLocator    : Loaded RoutePredicateFactory [Query]
2026-04-06T13:18:24.796+05:30  INFO [traceId:] 12536 --- [api-gateway] [           main] o.s.c.g.r.RouteDefinitionRouteLocator    : Loaded RoutePredicateFactory [ReadBody]
2026-04-06T13:18:24.796+05:30  INFO [traceId:] 12536 --- [api-gateway] [           main] o.s.c.g.r.RouteDefinitionRouteLocator    : Loaded RoutePredicateFactory [RemoteAddr]
2026-04-06T13:18:24.797+05:30  INFO [traceId:] 12536 --- [api-gateway] [           main] o.s.c.g.r.RouteDefinitionRouteLocator    : Loaded RoutePredicateFactory [XForwardedRemoteAddr]
2026-04-06T13:18:24.797+05:30  INFO [traceId:] 12536 --- [api-gateway] [           main] o.s.c.g.r.RouteDefinitionRouteLocator    : Loaded RoutePredicateFactory [Weight]
2026-04-06T13:18:24.797+05:30  INFO [traceId:] 12536 --- [api-gateway] [           main] o.s.c.g.r.RouteDefinitionRouteLocator    : Loaded RoutePredicateFactory [CloudFoundryRouteService]
2026-04-06T13:18:26.386+05:30  INFO [traceId:] 12536 --- [api-gateway] [           main] o.s.cloud.commons.util.InetUtils         : Cannot determine local hostname
2026-04-06T13:18:26.676+05:30  INFO [traceId:] 12536 --- [api-gateway] [           main] o.s.b.a.e.web.EndpointLinksResolver      : Exposing 3 endpoints beneath base path '/actuator'
2026-04-06T13:18:27.873+05:30  INFO [traceId:] 12536 --- [api-gateway] [           main] c.v.a.APIGatewayApplicationTests         : Started APIGatewayApplicationTests in 17.816 seconds (process running for 22.02)
]]></system-out>
    <system-err><![CDATA[Mockito is currently self-attaching to enable the inline-mock-maker. This will no longer work in future releases of the JDK. Please add Mockito as an agent to your build as described in Mockito's documentation: https://javadoc.io/doc/org.mockito/mockito-core/latest/org.mockito/org/mockito/Mockito.html#0.3
WARNING: A Java agent has been loaded dynamically (C:\Users\nehul\.m2\repository\net\bytebuddy\byte-buddy-agent\1.17.8\byte-buddy-agent-1.17.8.jar)
WARNING: If a serviceability tool is in use, please run with -XX:+EnableDynamicAgentLoading to hide this warning
WARNING: If a serviceability tool is not in use, please run with -Djdk.instrument.traceUsage for more information
WARNING: Dynamic loading of agents will be disallowed by default in a future release
]]></system-err>
  </testcase>
</testsuite>